1508612483403	geckodriver	INFO	geckodriver 0.19.0
1508612483407	geckodriver	INFO	Listening on 127.0.0.1:33631
1508612484544	mozrunner::runner	INFO	Running command: "/usr/bin/firefox" "-marionette" "-profile" "/tmp/rust_mozprofile.rt6pyWD3nyXQ"
1508612484791	addons.xpi	WARN	Error parsing extensions state: [Exception... "Component returned failure code: 0x80520012 (NS_ERROR_FILE_NOT_FOUND) [amIAddonManagerStartup.readStartupData]"  nsresult: "0x80520012 (NS_ERROR_FILE_NOT_FOUND)"  location: "JS frame :: resource://gre/modules/addons/XPIProvider.jsm :: loadExtensionState :: line 1554"  data: no] Stack trace: loadExtensionState()@resource://gre/modules/addons/XPIProvider.jsm:1554 < getInstallState()@resource://gre/modules/addons/XPIProvider.jsm:1589 < checkForChanges()@resource://gre/modules/addons/XPIProvider.jsm:3109 < startup()@resource://gre/modules/addons/XPIProvider.jsm:2188 < callProvider()@resource://gre/modules/AddonManager.jsm:269 < _startProvider()@resource://gre/modules/AddonManager.jsm:739 < startup()@resource://gre/modules/AddonManager.jsm:906 < startup()@resource://gre/modules/AddonManager.jsm:3090 < observe()@jar:file:///usr/lib/firefox/omni.ja!/components/addonManager.js:65
1508612485363	Marionette	INFO	Enabled via --marionette
1508612487812	Marionette	INFO	Listening on port 38321
1508612487871	Marionette	WARN	TLS certificate errors will be ignored for this session
1508612487931	Marionette	DEBUG	Register listener.js for window 2147483649
1508612488084	Marionette	DEBUG	Received DOM event "beforeunload" for "about:blank"
1508612488648	Marionette	DEBUG	Received DOM event "pagehide" for "about:blank"
1508612488649	Marionette	DEBUG	Received DOM event "unload" for "about:blank"
1508612490180	Marionette	DEBUG	Received DOM event "DOMContentLoaded" for "https://www.flipkart.com/apple-iphone-7-black-32-gb/product-reviews/itmen6daftcqwzeg?pid=MOBEMK62PN2HU7EE"
1508612491574	Marionette	DEBUG	Received DOM event "pageshow" for "https://www.flipkart.com/apple-iphone-7-black-32-gb/product-reviews/itmen6daftcqwzeg?pid=MOBEMK62PN2HU7EE"
1508612492800	Marionette	DEBUG	Canceled page load listener because no navigation has been detected
1508612493058	Marionette	DEBUG	Canceled page load listener because no navigation has been detected
1508612495073	Marionette	DEBUG	Canceled page load listener because no navigation has been detected
1508612495318	Marionette	DEBUG	Canceled page load listener because no navigation has been detected
1508612496531	Marionette	DEBUG	Canceled page load listener because no navigation has been detected
1508612496771	Marionette	DEBUG	Canceled page load listener because no navigation has been detected
1508612497935	Marionette	DEBUG	Canceled page load listener because no navigation has been detected
1508612499109	Marionette	DEBUG	Canceled page load listener because no navigation has been detected
1508612499342	Marionette	DEBUG	Canceled page load listener because no navigation has been detected
1508612499601	Marionette	DEBUG	Canceled page load listener because no navigation has been detected
